C:\Program Files (x86)\Microsoft Visual Studio\2019\Community\MSBuild\Microsoft\VC\v160\Microsoft.CppBuild.targets(499,5): warning MSB8004: Output Directory does not end with a trailing slash.  This build instance will add the slash as it is required to allow proper evaluation of the Output Directory.
  Aimbot.cpp
C:\Users\mrcla\OneDrive\Desktop\functions-source-master\SDK.h(7,10): fatal error C1083: Cannot open include file: 'd3dx9.h': No such file or directory
  AntiCrack.cpp
  Config.cpp
  The contents of <filesystem> are available only with C++17 or later.
C:\Users\mrcla\OneDrive\Desktop\functions-source-master\Config.cpp(156,3): warning C4996: 'mkdir': The POSIX name for this item is deprecated. Instead, use the ISO C and C++ conformant name: _mkdir. See online help for details.
  ESP.cpp
C:\Users\mrcla\OneDrive\Desktop\functions-source-master\SDK.h(7,10): fatal error C1083: Cannot open include file: 'd3dx9.h': No such file or directory
  GUI.cpp
C:\Users\mrcla\OneDrive\Desktop\functions-source-master\SDK.h(7,10): fatal error C1083: Cannot open include file: 'd3dx9.h': No such file or directory
  Helper.cpp
  imgui.cpp
  imgui_demo.cpp
  imgui_draw.cpp
  imgui_impl_dx11.cpp
  imgui_impl_dx9.cpp
  imgui_impl_win32.cpp
  imgui_widgets.cpp
  Logger.cpp
  The contents of <filesystem> are available only with C++17 or later.
C:\Users\mrcla\OneDrive\Desktop\functions-source-master\Logger.cpp(12,3): warning C4996: 'mkdir': The POSIX name for this item is deprecated. Instead, use the ISO C and C++ conformant name: _mkdir. See online help for details.
  Mains.cpp
C:\Users\mrcla\OneDrive\Desktop\functions-source-master\SDK.h(7,10): fatal error C1083: Cannot open include file: 'd3dx9.h': No such file or directory
  main.cpp
C:\Users\mrcla\OneDrive\Desktop\functions-source-master\SDK.h(7,10): fatal error C1083: Cannot open include file: 'd3dx9.h': No such file or directory
  Pools.cpp
C:\Users\mrcla\OneDrive\Desktop\functions-source-master\Pools.h(5,10): fatal error C1083: Cannot open include file: 'd3dx9.h': No such file or directory
  SDK.cpp
C:\Users\mrcla\OneDrive\Desktop\functions-source-master\SDK.h(7,10): fatal error C1083: Cannot open include file: 'd3dx9.h': No such file or directory
  utilities.cpp
  The contents of <filesystem> are available only with C++17 or later.
C:\Users\mrcla\OneDrive\Desktop\functions-source-master\utilities.cpp(11,23): warning C4244: 'return': conversion from 'float' to 'int', possible loss of data
  Generating Code...
